Using pre-set license
Built from '2020.3/release' branch; Version is '2020.3.1f1 (77a89f25062f) revision 7841951'; Using compiler version '192528614'; Build Type 'Release'
OS: 'Windows 10 Pro; OS build 19041.928; Version 2004; 64bit' Language: 'ko' Physical Memory: 32719 MB
BatchMode: 1, IsHumanControllingUs: 0, StartBugReporterOnCrash: 0, Is64bit: 1, IsPro: 0

 COMMAND LINE ARGUMENTS:
C:\Program Files\Unity\Hub\Editor\2020.3.1f1\Editor\Unity.exe
-adb2
-batchMode
-noUpm
-name
AssetImportWorker0
-projectPath
D:/Dev/Unity-Code-Index/Platform Checker
-logFile
Logs/AssetImportWorker0.log
-srvPort
58808
Successfully changed project path to: D:/Dev/Unity-Code-Index/Platform Checker
D:/Dev/Unity-Code-Index/Platform Checker
Using Asset Import Pipeline V2.
Refreshing native plugins compatible for Editor in 35.68 ms, found 0 plugins.
Preloading 0 native plugins for Editor in 0.00 ms.
Initialize engine version: 2020.3.1f1 (77a89f25062f)
[Subsystems] Discovering subsystems at path C:/Program Files/Unity/Hub/Editor/2020.3.1f1/Editor/Data/Resources/UnitySubsystems
[Subsystems] Discovering subsystems at path D:/Dev/Unity-Code-Index/Platform Checker/Assets
GfxDevice: creating device client; threaded=0
Direct3D:
    Version:  Direct3D 11.0 [level 11.1]
    Renderer: NVIDIA GeForce RTX 2060 SUPER (ID=0x1f06)
    Vendor:   
    VRAM:     8031 MB
    Driver:   27.21.14.5671
Shader 'Universal Render Pipeline/Particles/Lit': fallback shader 'Universal Render Pipeline/Particles/SimpleLit' not found
Initialize mono
Mono path[0] = 'C:/Program Files/Unity/Hub/Editor/2020.3.1f1/Editor/Data/Managed'
Mono path[1] = 'C:/Program Files/Unity/Hub/Editor/2020.3.1f1/Editor/Data/MonoBleedingEdge/lib/mono/unityjit'
Mono config path = 'C:/Program Files/Unity/Hub/Editor/2020.3.1f1/Editor/Data/MonoBleedingEdge/etc'
Using monoOptions --debugger-agent=transport=dt_socket,embedding=1,server=y,suspend=n,address=127.0.0.1:56132
Begin MonoManager ReloadAssembly
Registering precompiled unity dll's ...
Register platform support module: C:/Program Files/Unity/Hub/Editor/2020.3.1f1/Editor/Data/PlaybackEngines/WebGLSupport/UnityEditor.WebGL.Extensions.dll
Register platform support module: C:/Program Files/Unity/Hub/Editor/2020.3.1f1/Editor/Data/PlaybackEngines/WindowsStandaloneSupport/UnityEditor.WindowsStandalone.Extensions.dll
Registered in 0.002337 seconds.
Native extension for WindowsStandalone target not found
Native extension for WebGL target not found
Refreshing native plugins compatible for Editor in 35.19 ms, found 0 plugins.
Preloading 0 native plugins for Editor in 0.00 ms.
Invoked RoslynAnalysisRunner static constructor.
RoslynAnalysisRunner will not be running.
RoslynAnalysisRunner has terminated.
Mono: successfully reloaded assembly
- Completed reload, in  1.870 seconds
Platform modules already initialized, skipping
Registering precompiled user dll's ...
Registered in 0.000787 seconds.
Begin MonoManager ReloadAssembly
Native extension for WindowsStandalone target not found
Native extension for WebGL target not found
Refreshing native plugins compatible for Editor in 38.19 ms, found 0 plugins.
Preloading 0 native plugins for Editor in 0.00 ms.
Invoked RoslynAnalysisRunner static constructor.
RoslynAnalysisRunner will not be running.
RoslynAnalysisRunner has terminated.
Mono: successfully reloaded assembly
- Completed reload, in  0.782 seconds
Platform modules already initialized, skipping
========================================================================
Worker process is ready to serve import requests
Shader 'Universal Render Pipeline/Particles/Lit': fallback shader 'Universal Render Pipeline/Particles/SimpleLit' not found
Launched and connected shader compiler UnityShaderCompiler.exe after 0.03 seconds
Refreshing native plugins compatible for Editor in 0.43 ms, found 0 plugins.
Preloading 0 native plugins for Editor in 0.00 ms.
Unloading 2422 Unused Serialized files (Serialized files now loaded: 0)
System memory in use before: 111.3 MB.
System memory in use after: 111.5 MB.

Unloading 10 unused Assets to reduce memory usage. Loaded Objects now: 2865.
Total: 1.933500 ms (FindLiveObjects: 0.269800 ms CreateObjectMapping: 0.065700 ms MarkObjects: 1.537600 ms  DeleteObjects: 0.059400 ms)

========================================================================
Received Import Request.
  path: Assets/Multiple Input System/Devices/InputDevice.cs
  artifactKey: Guid(8876f6ed7c04c074f933e72c8986457e) Importer(815301076,1909f56bfc062723c751e8b465ee728b)
Start importing Assets/Multiple Input System/Devices/InputDevice.cs using Guid(8876f6ed7c04c074f933e72c8986457e) Importer(815301076,1909f56bfc062723c751e8b465ee728b)  -> (artifact id: 'ee163e831c9cdc768f6a2a524754f0b3') in 0.022756 seconds
  Import took 0.026266 seconds .

========================================================================
Received Import Request.
  Time since last request: 0.000244 seconds.
  path: Assets/Multiple Input System/Devices/Mouse.cs
  artifactKey: Guid(43359ff4c58dbcb42852c58a917313ed) Importer(815301076,1909f56bfc062723c751e8b465ee728b)
Start importing Assets/Multiple Input System/Devices/Mouse.cs using Guid(43359ff4c58dbcb42852c58a917313ed) Importer(815301076,1909f56bfc062723c751e8b465ee728b)  -> (artifact id: 'f2cfebde6fdf0b3571f79927561f6022') in 0.004344 seconds
  Import took 0.007443 seconds .

========================================================================
Received Import Request.
  Time since last request: 0.000223 seconds.
  path: Assets/Script/InstanceTest.cs
  artifactKey: Guid(39666b9b9d4b1fc4fb12416ec7fbdd6e) Importer(815301076,1909f56bfc062723c751e8b465ee728b)
Start importing Assets/Script/InstanceTest.cs using Guid(39666b9b9d4b1fc4fb12416ec7fbdd6e) Importer(815301076,1909f56bfc062723c751e8b465ee728b)  -> (artifact id: '14dd417da91300c511c973a6e84b5d86') in 0.005272 seconds
  Import took 0.008221 seconds .

